# JRE version: Java(TM) SE Runtime Environment (8.0_112-b04) (build 1.8.0_112-ea-b04)
# Java VM: Java HotSpot(TM) 64-Bit Server VM (25.112-b04 mixed mode bsd-amd64 compressed oops)
Heap:
 PSYoungGen      total 71680K, used 33645K [0x0000000795580000, 0x00000007a2580000, 0x00000007c0000000)
  eden space 66560K, 50% used [0x0000000795580000,0x000000079765b780,0x0000000799680000)
  from space 5120K, 0% used [0x0000000799680000,0x0000000799680000,0x0000000799b80000)
  to   space 48640K, 0% used [0x000000079f600000,0x000000079f600000,0x00000007a2580000)
 ParOldGen       total 167936K, used 78427K [0x0000000740000000, 0x000000074a400000, 0x0000000795580000)
  object space 167936K, 46% used [0x0000000740000000,0x0000000744c96c10,0x000000074a400000)
 Metaspace       used 23483K, capacity 24972K, committed 25088K, reserved 1071104K
  class space    used 3270K, capacity 3548K, committed 3584K, reserved 1048576K
GC Heap History (10 events):
Event: 4.636 GC heap before
{Heap before GC invocations=3 (full 0):
 PSYoungGen      total 38400K, used 38379K [0x0000000795580000, 0x0000000798000000, 0x00000007c0000000)
  eden space 33280K, 100% used [0x0000000795580000,0x0000000797600000,0x0000000797600000)
  from space 5120K, 99% used [0x0000000797b00000,0x0000000797ffaf70,0x0000000798000000)
  to   space 5120K, 0% used [0x0000000797600000,0x0000000797600000,0x0000000797b00000)
 ParOldGen       total 87552K, used 16392K [0x0000000740000000, 0x0000000745580000, 0x0000000795580000)
  object space 87552K, 18% used [0x0000000740000000,0x00000007410021b0,0x0000000745580000)
 Metaspace       used 19108K, capacity 19986K, committed 20352K, reserved 1067008K
  class space    used 2607K, capacity 2833K, committed 2944K, reserved 1048576K
Event: 4.653 GC heap after
Heap after GC invocations=3 (full 0):
 PSYoungGen      total 38400K, used 5105K [0x0000000795580000, 0x000000079a080000, 0x00000007c0000000)
  eden space 33280K, 0% used [0x0000000795580000,0x0000000795580000,0x0000000797600000)
  from space 5120K, 99% used [0x0000000797600000,0x0000000797afc580,0x0000000797b00000)
  to   space 5120K, 0% used [0x0000000799b80000,0x0000000799b80000,0x000000079a080000)
 ParOldGen       total 87552K, used 42867K [0x0000000740000000, 0x0000000745580000, 0x0000000795580000)
  object space 87552K, 48% used [0x0000000740000000,0x00000007429dced8,0x0000000745580000)
 Metaspace       used 19108K, capacity 19986K, committed 20352K, reserved 1067008K
  class space    used 2607K, capacity 2833K, committed 2944K, reserved 1048576K
}
Event: 4.808 GC heap before
{Heap before GC invocations=4 (full 0):
 PSYoungGen      total 38400K, used 11023K [0x0000000795580000, 0x000000079a080000, 0x00000007c0000000)
  eden space 33280K, 17% used [0x0000000795580000,0x0000000795b477b0,0x0000000797600000)
  from space 5120K, 99% used [0x0000000797600000,0x0000000797afc580,0x0000000797b00000)
  to   space 5120K, 0% used [0x0000000799b80000,0x0000000799b80000,0x000000079a080000)
 ParOldGen       total 87552K, used 42867K [0x0000000740000000, 0x0000000745580000, 0x0000000795580000)
  object space 87552K, 48% used [0x0000000740000000,0x00000007429dced8,0x0000000745580000)
 Metaspace       used 20293K, capacity 21244K, committed 21296K, reserved 1067008K
  class space    used 2896K, capacity 3156K, committed 3200K, reserved 1048576K
Event: 4.830 GC heap after
Heap after GC invocations=4 (full 0):
 PSYoungGen      total 71680K, used 5089K [0x0000000795580000, 0x000000079a080000, 0x00000007c0000000)
  eden space 66560K, 0% used [0x0000000795580000,0x0000000795580000,0x0000000799680000)
  from space 5120K, 99% used [0x0000000799b80000,0x000000079a078650,0x000000079a080000)
  to   space 5120K, 0% used [0x0000000799680000,0x0000000799680000,0x0000000799b80000)
 ParOldGen       total 87552K, used 43517K [0x0000000740000000, 0x0000000745580000, 0x0000000795580000)
  object space 87552K, 49% used [0x0000000740000000,0x0000000742a7f618,0x0000000745580000)
 Metaspace       used 20293K, capacity 21244K, committed 21296K, reserved 1067008K
  class space    used 2896K, capacity 3156K, committed 3200K, reserved 1048576K
}
Event: 4.830 GC heap before
{Heap before GC invocations=5 (full 1):
 PSYoungGen      total 71680K, used 5089K [0x0000000795580000, 0x000000079a080000, 0x00000007c0000000)
  eden space 66560K, 0% used [0x0000000795580000,0x0000000795580000,0x0000000799680000)
  from space 5120K, 99% used [0x0000000799b80000,0x000000079a078650,0x000000079a080000)
  to   space 5120K, 0% used [0x0000000799680000,0x0000000799680000,0x0000000799b80000)
 ParOldGen       total 87552K, used 43517K [0x0000000740000000, 0x0000000745580000, 0x0000000795580000)
  object space 87552K, 49% used [0x0000000740000000,0x0000000742a7f618,0x0000000745580000)
 Metaspace       used 20293K, capacity 21244K, committed 21296K, reserved 1067008K
  class space    used 2896K, capacity 3156K, committed 3200K, reserved 1048576K
Event: 4.888 GC heap after
Heap after GC invocations=5 (full 1):
 PSYoungGen      total 71680K, used 0K [0x0000000795580000, 0x000000079a080000, 0x00000007c0000000)
  eden space 66560K, 0% used [0x0000000795580000,0x0000000795580000,0x0000000799680000)
  from space 5120K, 0% used [0x0000000799b80000,0x0000000799b80000,0x000000079a080000)
  to   space 5120K, 0% used [0x0000000799680000,0x0000000799680000,0x0000000799b80000)
 ParOldGen       total 116224K, used 46580K [0x0000000740000000, 0x0000000747180000, 0x0000000795580000)
  object space 116224K, 40% used [0x0000000740000000,0x0000000742d7d1e0,0x0000000747180000)
 Metaspace       used 20293K, capacity 21244K, committed 21296K, reserved 1067008K
  class space    used 2896K, capacity 3156K, committed 3200K, reserved 1048576K
}
Event: 43.511 GC heap before
{Heap before GC invocations=6 (full 1):
 PSYoungGen      total 71680K, used 66560K [0x0000000795580000, 0x000000079a080000, 0x00000007c0000000)
  eden space 66560K, 100% used [0x0000000795580000,0x0000000799680000,0x0000000799680000)
  from space 5120K, 0% used [0x0000000799b80000,0x0000000799b80000,0x000000079a080000)
  to   space 5120K, 0% used [0x0000000799680000,0x0000000799680000,0x0000000799b80000)
 ParOldGen       total 116224K, used 46580K [0x0000000740000000, 0x0000000747180000, 0x0000000795580000)
  object space 116224K, 40% used [0x0000000740000000,0x0000000742d7d1e0,0x0000000747180000)
 Metaspace       used 23100K, capacity 24558K, committed 24832K, reserved 1071104K
  class space    used 3257K, capacity 3543K, committed 3584K, reserved 1048576K
Event: 43.543 GC heap after
Heap after GC invocations=6 (full 1):
 PSYoungGen      total 71680K, used 5093K [0x0000000795580000, 0x00000007a2580000, 0x00000007c0000000)
  eden space 66560K, 0% used [0x0000000795580000,0x0000000795580000,0x0000000799680000)
  from space 5120K, 99% used [0x0000000799680000,0x0000000799b794f0,0x0000000799b80000)
  to   space 48640K, 0% used [0x000000079f600000,0x000000079f600000,0x00000007a2580000)
 ParOldGen       total 116224K, used 81160K [0x0000000740000000, 0x0000000747180000, 0x0000000795580000)
  object space 116224K, 69% used [0x0000000740000000,0x0000000744f42080,0x0000000747180000)
 Metaspace       used 23100K, capacity 24558K, committed 24832K, reserved 1071104K
  class space    used 3257K, capacity 3543K, committed 3584K, reserved 1048576K
}
Event: 43.543 GC heap before
{Heap before GC invocations=7 (full 2):
 PSYoungGen      total 71680K, used 5093K [0x0000000795580000, 0x00000007a2580000, 0x00000007c0000000)
  eden space 66560K, 0% used [0x0000000795580000,0x0000000795580000,0x0000000799680000)
  from space 5120K, 99% used [0x0000000799680000,0x0000000799b794f0,0x0000000799b80000)
  to   space 48640K, 0% used [0x000000079f600000,0x000000079f600000,0x00000007a2580000)
 ParOldGen       total 116224K, used 81160K [0x0000000740000000, 0x0000000747180000, 0x0000000795580000)
  object space 116224K, 69% used [0x0000000740000000,0x0000000744f42080,0x0000000747180000)
 Metaspace       used 23100K, capacity 24558K, committed 24832K, reserved 1071104K
  class space    used 3257K, capacity 3543K, committed 3584K, reserved 1048576K
Event: 43.620 GC heap after
Heap after GC invocations=7 (full 2):
 PSYoungGen      total 71680K, used 0K [0x0000000795580000, 0x00000007a2580000, 0x00000007c0000000)
  eden space 66560K, 0% used [0x0000000795580000,0x0000000795580000,0x0000000799680000)
  from space 5120K, 0% used [0x0000000799680000,0x0000000799680000,0x0000000799b80000)
  to   space 48640K, 0% used [0x000000079f600000,0x000000079f600000,0x00000007a2580000)
 ParOldGen       total 167936K, used 78427K [0x0000000740000000, 0x000000074a400000, 0x0000000795580000)
  object space 167936K, 46% used [0x0000000740000000,0x0000000744c96c10,0x000000074a400000)
 Metaspace       used 23100K, capacity 24558K, committed 24832K, reserved 1071104K
  class space    used 3257K, capacity 3543K, committed 3584K, reserved 1048576K
}

