# JRE version: Java(TM) SE Runtime Environment (8.0_112-b04) (build 1.8.0_112-ea-b04)
# Java VM: Java HotSpot(TM) 64-Bit Server VM (25.112-b04 mixed mode bsd-amd64 compressed oops)
Heap:
 PSYoungGen      total 144384K, used 91234K [0x0000000795580000, 0x00000007aad00000, 0x00000007c0000000)
  eden space 131584K, 59% used [0x0000000795580000,0x000000079a228ad8,0x000000079d600000)
  from space 12800K, 99% used [0x000000079d600000,0x000000079e26fd70,0x000000079e280000)
  to   space 64512K, 0% used [0x00000007a6e00000,0x00000007a6e00000,0x00000007aad00000)
 ParOldGen       total 223232K, used 110633K [0x0000000740000000, 0x000000074da00000, 0x0000000795580000)
  object space 223232K, 49% used [0x0000000740000000,0x0000000746c0a548,0x000000074da00000)
 Metaspace       used 24199K, capacity 25792K, committed 25984K, reserved 1071104K
  class space    used 3395K, capacity 3682K, committed 3712K, reserved 1048576K
GC Heap History (10 events):
Event: 3.575 GC heap before
{Heap before GC invocations=5 (full 0):
 PSYoungGen      total 71680K, used 71664K [0x0000000795580000, 0x000000079a080000, 0x00000007c0000000)
  eden space 66560K, 100% used [0x0000000795580000,0x0000000799680000,0x0000000799680000)
  from space 5120K, 99% used [0x0000000799b80000,0x000000079a07c030,0x000000079a080000)
  to   space 5120K, 0% used [0x0000000799680000,0x0000000799680000,0x0000000799b80000)
 ParOldGen       total 87552K, used 8958K [0x0000000740000000, 0x0000000745580000, 0x0000000795580000)
  object space 87552K, 10% used [0x0000000740000000,0x00000007408bf948,0x0000000745580000)
 Metaspace       used 16787K, capacity 17274K, committed 17536K, reserved 1064960K
  class space    used 2192K, capacity 2361K, committed 2432K, reserved 1048576K
Event: 3.587 GC heap after
Heap after GC invocations=5 (full 0):
 PSYoungGen      total 71680K, used 5099K [0x0000000795580000, 0x000000079ed80000, 0x00000007c0000000)
  eden space 66560K, 0% used [0x0000000795580000,0x0000000795580000,0x0000000799680000)
  from space 5120K, 99% used [0x0000000799680000,0x0000000799b7af60,0x0000000799b80000)
  to   space 11264K, 0% used [0x000000079e280000,0x000000079e280000,0x000000079ed80000)
 ParOldGen       total 87552K, used 12514K [0x0000000740000000, 0x0000000745580000, 0x0000000795580000)
  object space 87552K, 14% used [0x0000000740000000,0x0000000740c38990,0x0000000745580000)
 Metaspace       used 16787K, capacity 17274K, committed 17536K, reserved 1064960K
  class space    used 2192K, capacity 2361K, committed 2432K, reserved 1048576K
}
Event: 8.153 GC heap before
{Heap before GC invocations=6 (full 0):
 PSYoungGen      total 71680K, used 22978K [0x0000000795580000, 0x000000079ed80000, 0x00000007c0000000)
  eden space 66560K, 26% used [0x0000000795580000,0x00000007966f5ac8,0x0000000799680000)
  from space 5120K, 99% used [0x0000000799680000,0x0000000799b7af60,0x0000000799b80000)
  to   space 11264K, 0% used [0x000000079e280000,0x000000079e280000,0x000000079ed80000)
 ParOldGen       total 87552K, used 12514K [0x0000000740000000, 0x0000000745580000, 0x0000000795580000)
  object space 87552K, 14% used [0x0000000740000000,0x0000000740c38990,0x0000000745580000)
 Metaspace       used 20360K, capacity 21212K, committed 21248K, reserved 1067008K
  class space    used 2829K, capacity 3054K, committed 3072K, reserved 1048576K
Event: 8.172 GC heap after
Heap after GC invocations=6 (full 0):
 PSYoungGen      total 142848K, used 11243K [0x0000000795580000, 0x000000079f080000, 0x00000007c0000000)
  eden space 131584K, 0% used [0x0000000795580000,0x0000000795580000,0x000000079d600000)
  from space 11264K, 99% used [0x000000079e280000,0x000000079ed7acf8,0x000000079ed80000)
  to   space 12800K, 0% used [0x000000079d600000,0x000000079d600000,0x000000079e280000)
 ParOldGen       total 87552K, used 12972K [0x0000000740000000, 0x0000000745580000, 0x0000000795580000)
  object space 87552K, 14% used [0x0000000740000000,0x0000000740cab250,0x0000000745580000)
 Metaspace       used 20360K, capacity 21212K, committed 21248K, reserved 1067008K
  class space    used 2829K, capacity 3054K, committed 3072K, reserved 1048576K
}
Event: 8.172 GC heap before
{Heap before GC invocations=7 (full 1):
 PSYoungGen      total 142848K, used 11243K [0x0000000795580000, 0x000000079f080000, 0x00000007c0000000)
  eden space 131584K, 0% used [0x0000000795580000,0x0000000795580000,0x000000079d600000)
  from space 11264K, 99% used [0x000000079e280000,0x000000079ed7acf8,0x000000079ed80000)
  to   space 12800K, 0% used [0x000000079d600000,0x000000079d600000,0x000000079e280000)
 ParOldGen       total 87552K, used 12972K [0x0000000740000000, 0x0000000745580000, 0x0000000795580000)
  object space 87552K, 14% used [0x0000000740000000,0x0000000740cab250,0x0000000745580000)
 Metaspace       used 20360K, capacity 21212K, committed 21248K, reserved 1067008K
  class space    used 2829K, capacity 3054K, committed 3072K, reserved 1048576K
Event: 8.224 GC heap after
Heap after GC invocations=7 (full 1):
 PSYoungGen      total 142848K, used 0K [0x0000000795580000, 0x000000079f080000, 0x00000007c0000000)
  eden space 131584K, 0% used [0x0000000795580000,0x0000000795580000,0x000000079d600000)
  from space 11264K, 0% used [0x000000079e280000,0x000000079e280000,0x000000079ed80000)
  to   space 12800K, 0% used [0x000000079d600000,0x000000079d600000,0x000000079e280000)
 ParOldGen       total 59904K, used 11341K [0x0000000740000000, 0x0000000743a80000, 0x0000000795580000)
  object space 59904K, 18% used [0x0000000740000000,0x0000000740b137d8,0x0000000743a80000)
 Metaspace       used 20360K, capacity 21212K, committed 21248K, reserved 1067008K
  class space    used 2829K, capacity 3054K, committed 3072K, reserved 1048576K
}
Event: 17.133 GC heap before
{Heap before GC invocations=8 (full 1):
 PSYoungGen      total 142848K, used 131052K [0x0000000795580000, 0x000000079f080000, 0x00000007c0000000)
  eden space 131584K, 99% used [0x0000000795580000,0x000000079d57b158,0x000000079d600000)
  from space 11264K, 0% used [0x000000079e280000,0x000000079e280000,0x000000079ed80000)
  to   space 12800K, 0% used [0x000000079d600000,0x000000079d600000,0x000000079e280000)
 ParOldGen       total 59904K, used 11341K [0x0000000740000000, 0x0000000743a80000, 0x0000000795580000)
  object space 59904K, 18% used [0x0000000740000000,0x0000000740b137d8,0x0000000743a80000)
 Metaspace       used 21574K, capacity 22714K, committed 22784K, reserved 1069056K
  class space    used 3038K, capacity 3301K, committed 3328K, reserved 1048576K
Event: 17.175 GC heap after
Heap after GC invocations=8 (full 1):
 PSYoungGen      total 144384K, used 12773K [0x0000000795580000, 0x00000007aad00000, 0x00000007c0000000)
  eden space 131584K, 0% used [0x0000000795580000,0x0000000795580000,0x000000079d600000)
  from space 12800K, 99% used [0x000000079d600000,0x000000079e2796e0,0x000000079e280000)
  to   space 64512K, 0% used [0x00000007a6e00000,0x00000007a6e00000,0x00000007aad00000)
 ParOldGen       total 112128K, used 110707K [0x0000000740000000, 0x0000000746d80000, 0x0000000795580000)
  object space 112128K, 98% used [0x0000000740000000,0x0000000746c1cee8,0x0000000746d80000)
 Metaspace       used 21574K, capacity 22714K, committed 22784K, reserved 1069056K
  class space    used 3038K, capacity 3301K, committed 3328K, reserved 1048576K
}
Event: 17.175 GC heap before
{Heap before GC invocations=9 (full 2):
 PSYoungGen      total 144384K, used 12773K [0x0000000795580000, 0x00000007aad00000, 0x00000007c0000000)
  eden space 131584K, 0% used [0x0000000795580000,0x0000000795580000,0x000000079d600000)
  from space 12800K, 99% used [0x000000079d600000,0x000000079e2796e0,0x000000079e280000)
  to   space 64512K, 0% used [0x00000007a6e00000,0x00000007a6e00000,0x00000007aad00000)
 ParOldGen       total 112128K, used 110707K [0x0000000740000000, 0x0000000746d80000, 0x0000000795580000)
  object space 112128K, 98% used [0x0000000740000000,0x0000000746c1cee8,0x0000000746d80000)
 Metaspace       used 21574K, capacity 22714K, committed 22784K, reserved 1069056K
  class space    used 3038K, capacity 3301K, committed 3328K, reserved 1048576K
Event: 17.263 GC heap after
Heap after GC invocations=9 (full 2):
 PSYoungGen      total 144384K, used 12735K [0x0000000795580000, 0x00000007aad00000, 0x00000007c0000000)
  eden space 131584K, 0% used [0x0000000795580000,0x0000000795580000,0x000000079d600000)
  from space 12800K, 99% used [0x000000079d600000,0x000000079e26fd70,0x000000079e280000)
  to   space 64512K, 0% used [0x00000007a6e00000,0x00000007a6e00000,0x00000007aad00000)
 ParOldGen       total 223232K, used 110633K [0x0000000740000000, 0x000000074da00000, 0x0000000795580000)
  object space 223232K, 49% used [0x0000000740000000,0x0000000746c0a548,0x000000074da00000)
 Metaspace       used 21574K, capacity 22714K, committed 22784K, reserved 1069056K
  class space    used 3038K, capacity 3301K, committed 3328K, reserved 1048576K
}

